0 info it worked if it ends with ok
1 verbose cli [ '/usr/bin/node',
1 verbose cli   '/usr/bin/npm',
1 verbose cli   'install',
1 verbose cli   'react-redux',
1 verbose cli   'redux',
1 verbose cli   'react-route-dom',
1 verbose cli   'react-modal',
1 verbose cli   'react-thunk' ]
2 info using npm@6.14.4
3 info using node@v10.19.0
4 verbose npm-session 9d4f790b7f427408
5 silly install loadCurrentTree
6 silly install readLocalPackageData
7 http fetch GET 200 https://registry.npmjs.org/redux 1472ms
8 http fetch GET 200 https://registry.npmjs.org/react-modal 1662ms
9 http fetch GET 200 https://registry.npmjs.org/redux/-/redux-4.0.5.tgz 410ms
10 silly pacote tag manifest for redux@latest fetched in 1899ms
11 http fetch GET 404 https://registry.npmjs.org/react-route-dom 2053ms
12 http fetch GET 200 https://registry.npmjs.org/react-thunk 2084ms
13 http fetch GET 200 https://registry.npmjs.org/react-redux 2095ms
14 http fetch GET 200 https://registry.npmjs.org/react-modal/-/react-modal-3.13.1.tgz 427ms
15 silly pacote tag manifest for react-modal@latest fetched in 2103ms
16 http fetch GET 200 https://registry.npmjs.org/react-thunk/-/react-thunk-1.0.0.tgz 413ms
17 silly pacote tag manifest for react-thunk@latest fetched in 2509ms
18 http fetch GET 200 https://registry.npmjs.org/react-redux/-/react-redux-7.2.3.tgz 581ms
19 silly pacote tag manifest for react-redux@latest fetched in 2697ms
20 http fetch GET 404 https://registry.npmjs.org/react-route-dom 1216ms
21 silly fetchPackageMetaData error for react-route-dom@latest 404 Not Found - GET https://registry.npmjs.org/react-route-dom - Not found
22 timing stage:rollbackFailedOptional Completed in 2ms
23 timing stage:runTopLevelLifecycles Completed in 5884ms
24 verbose stack Error: 404 Not Found - GET https://registry.npmjs.org/react-route-dom - Not found
24 verbose stack     at res.buffer.catch.then.body (/usr/share/npm/node_modules/npm-registry-fetch/check-response.js:104:15)
24 verbose stack     at process._tickCallback (internal/process/next_tick.js:68:7)
25 verbose statusCode 404
26 verbose pkgid react-route-dom@latest
27 verbose cwd /home/vinayakpk/Documents/masai/Projects/Carbon/ketto-clone
28 verbose Linux 5.11.0-7612-generic
29 verbose argv "/usr/bin/node" "/usr/bin/npm" "install" "react-redux" "redux" "react-route-dom" "react-modal" "react-thunk"
30 verbose node v10.19.0
31 verbose npm  v6.14.4
32 error code E404
33 error 404 Not Found - GET https://registry.npmjs.org/react-route-dom - Not found
34 error 404
35 error 404 'react-route-dom@latest' is not in the npm registry.
36 error 404 You should bug the author to publish it (or use the name yourself!)
37 error 404 Note that you can also install from a
38 error 404 tarball, folder, http url, or git url.
39 verbose exit [ 1, true ]
